
SQL*Loader: Release 10.2.0.1.0 - Production on Wed Sep 17 15:16:13 2014

Copyright (c) 1982, 2005, Oracle.  All rights reserved.

Control File:   DESIGNATIONS_VIEW_DATA_VIEW.ctl
Data File:      DESIGNATIONS_VIEW_DATA_VIEW.ldr
  File processing option string: "str '{EOL}'"
  Bad File:     DESIGNATIONS_VIEW_DATA_VIEW.bad
  Discard File:  none specified
 
 (Allow all discards)

Number to load: ALL
Number to skip: 0
Errors allowed: 50
Bind array:     500000 rows, maximum of 256000 bytes
Continuation:   1:1 = 0X23(character '#'), in next physical record
Path used:      Conventional

Table "SBR"."DESIGNATIONS", loaded from every logical record.
Insert option in effect for this table: APPEND
TRAILING NULLCOLS option in effect

   Column Name                  Position   Len  Term Encl Datatype
------------------------------ ---------- ----- ---- ---- ---------------------
"DESIG_IDSEQ"                       FIRST    36   ,  O(") CHARACTER            
                                                      O(")
"AC_IDSEQ"                           NEXT    36   ,  O(") CHARACTER            
                                                      O(")
"CONTE_IDSEQ"                        NEXT    36   ,  O(") CHARACTER            
                                                      O(")
"NAME"                               NEXT  2000   ,  O(") CHARACTER            
                                                      O(")
"DETL_NAME"                          NEXT    20   ,  O(") CHARACTER            
                                                      O(")
"DATE_CREATED"                       NEXT     *   ,  O(") DATE YYYY-MM-DD HH24:MI:SS
                                                      O(")
"CREATED_BY"                         NEXT    30   ,  O(") CHARACTER            
                                                      O(")
"DATE_MODIFIED"                      NEXT     *   ,  O(") DATE YYYY-MM-DD HH24:MI:SS
                                                      O(")
"MODIFIED_BY"                        NEXT    30   ,  O(") CHARACTER            
                                                      O(")
"LAE_NAME"                           NEXT    30   ,  O(") CHARACTER            
                                                      O(")

value used for ROWS parameter changed from 500000 to 93
Record 1: Rejected - Error on table "SBR"."DESIGNATIONS", column "DESIG_IDSEQ".
Field in data file exceeds maximum length
Record 2: Rejected - Error on table "SBR"."DESIGNATIONS".
ORA-20999: TAPI-0:Insufficient privileges to create the designation in the selected context.
ORA-06512: at "SBR.CG$ERRORS", line 68
ORA-06512: at "SBR.DESIG_BI_ROW_SECURITY", line 20
ORA-04088: error during execution of trigger 'SBR.DESIG_BI_ROW_SECURITY'

Record 3: Rejected - Error on table "SBR"."DESIGNATIONS".
ORA-20999: TAPI-0:Insufficient privileges to create the designation in the selected context.
           TAPI-0:Insufficient privileges to create the designation in the selected context.
ORA-06512: at "SBR.CG$ERRORS", line 68
ORA-06512: at "SBR.DESIG_BI_ROW_SECURITY", line 20
ORA-04088: error during execution of trigger 'SBR.DESIG_BI_ROW_SECURITY'

Record 4: Discarded - all columns null.

Table "SBR"."DESIGNATIONS":
  0 Rows successfully loaded.
  3 Rows not loaded due to data errors.
  0 Rows not loaded because all WHEN clauses were failed.
  1 Row not loaded because all fields were null.


Space allocated for bind array:                 255750 bytes(93 rows)
Read   buffer bytes: 1048576

Total logical records skipped:          0
Total logical records read:             4
Total logical records rejected:         3
Total logical records discarded:        1

Run began on Wed Sep 17 15:16:13 2014
Run ended on Wed Sep 17 15:16:14 2014

Elapsed time was:     00:00:01.40
CPU time was:         00:00:00.06
