
SQL*Loader: Release 10.2.0.1.0 - Production on Fri Sep 19 15:44:27 2014

Copyright (c) 1982, 2005, Oracle.  All rights reserved.

Control File:   PERMISSIBLE_VALUES_VIEW_DATA_VIEW.ctl
Data File:      C:\Users\ag\demo\cadsr-cdecurate_03122014\pv.ldr
  File processing option string: "str '{EOL}'"
  Bad File:     pv.bad
  Discard File:  none specified
 
 (Allow all discards)

Number to load: ALL
Number to skip: 0
Errors allowed: 50
Bind array:     64 rows, maximum of 256000 bytes
Continuation:    none specified
Path used:      Conventional

Table "SBR"."PERMISSIBLE_VALUES_VIEW", loaded from every logical record.
Insert option in effect for this table: APPEND
TRAILING NULLCOLS option in effect

   Column Name                  Position   Len  Term Encl Datatype
------------------------------ ---------- ----- ---- ---- ---------------------
"PV_IDSEQ"                          FIRST    36   |  O(") CHARACTER            
                                                      O(")
"VALUE"                              NEXT   255   |  O(") CHARACTER            
                                                      O(")
"SHORT_MEANING"                      NEXT   255   |  O(") CHARACTER            
                                                      O(")
"MEANING_DESCRIPTION"                NEXT  2000   |  O(") CHARACTER            
                                                      O(")
"BEGIN_DATE"                         NEXT     *   |  O(") DATE YYYY-MM-DD HH24:MI:SS
                                                      O(")
"END_DATE"                           NEXT     *   |  O(") DATE YYYY-MM-DD HH24:MI:SS
                                                      O(")
"HIGH_VALUE_NUM"                     NEXT     *   |  O(") CHARACTER            
                                                      O(")
"LOW_VALUE_NUM"                      NEXT     *   |  O(") CHARACTER            
                                                      O(")
"DATE_CREATED"                       NEXT     *   |  O(") DATE YYYY-MM-DD HH24:MI:SS
                                                      O(")
"CREATED_BY"                         NEXT    30   |  O(") CHARACTER            
                                                      O(")
"DATE_MODIFIED"                      NEXT     *   |  O(") DATE YYYY-MM-DD HH24:MI:SS
                                                      O(")
"MODIFIED_BY"                        NEXT    30   |  O(") CHARACTER            
                                                      O(")
"VM_IDSEQ"                           NEXT    36   |  O(") CHARACTER            
                                                      O(")

value used for ROWS parameter changed from 64 to 60
Record 1: Rejected - Error on table "SBR"."PERMISSIBLE_VALUES_VIEW", column "PV_IDSEQ".
Field in data file exceeds maximum length

Table "SBR"."PERMISSIBLE_VALUES_VIEW":
  0 Rows successfully loaded.
  1 Row not loaded due to data errors.
  0 Rows not loaded because all WHEN clauses were failed.
  0 Rows not loaded because all fields were null.


Space allocated for bind array:                 252360 bytes(60 rows)
Read   buffer bytes: 1048576

Total logical records skipped:          0
Total logical records read:             1
Total logical records rejected:         1
Total logical records discarded:        0

Run began on Fri Sep 19 15:44:27 2014
Run ended on Fri Sep 19 15:44:27 2014

Elapsed time was:     00:00:00.75
CPU time was:         00:00:00.03
